# JRE version: OpenJDK Runtime Environment Microsoft-13106358 (17.0.18+8) (build 17.0.18+8-LTS)
# Java VM: OpenJDK 64-Bit Server VM Microsoft-13106358 (17.0.18+8-LTS, mixed mode, sharing, tiered, compressed oops, compressed class ptrs, g1 gc, windows-amd64)
GC Precious Log:
 CPUs: 4 total, 4 available
 Memory: 3971M
 Large Page Support: Disabled
 NUMA Support: Disabled
 Compressed Oops: Enabled (32-bit)
 Heap Region Size: 1M
 Heap Min Capacity: 8M
 Heap Initial Capacity: 64M
 Heap Max Capacity: 1512M
 Pre-touch: Disabled
 Parallel Workers: 4
 Concurrent Workers: 1
 Concurrent Refinement Workers: 4
 Periodic GC: Disabled
Heap:
 garbage-first heap   total 140288K, used 80518K [0x00000000a1800000, 0x0000000100000000)
  region size 1024K, 2 young (2048K), 2 survivors (2048K)
 Metaspace       used 77211K, committed 78336K, reserved 557056K
  class space    used 10951K, committed 11520K, reserved 425984K
GC Heap History (20 events):
Event: 226.850 GC heap after
{Heap after GC invocations=55 (full 0):
 garbage-first heap   total 122880K, used 67298K [0x00000000a1800000, 0x0000000100000000)
  region size 1024K, 1 young (1024K), 1 survivors (1024K)
 Metaspace       used 70025K, committed 71040K, reserved 491520K
  class space    used 10000K, committed 10496K, reserved 425984K
}
Event: 235.220 GC heap before
{Heap before GC invocations=55 (full 0):
 garbage-first heap   total 122880K, used 101090K [0x00000000a1800000, 0x0000000100000000)
  region size 1024K, 35 young (35840K), 1 survivors (1024K)
 Metaspace       used 71935K, committed 73024K, reserved 491520K
  class space    used 10337K, committed 10880K, reserved 425984K
}
Event: 235.274 GC heap after
{Heap after GC invocations=56 (full 0):
 garbage-first heap   total 122880K, used 71284K [0x00000000a1800000, 0x0000000100000000)
  region size 1024K, 5 young (5120K), 5 survivors (5120K)
 Metaspace       used 71935K, committed 73024K, reserved 491520K
  class space    used 10337K, committed 10880K, reserved 425984K
}
Event: 237.558 GC heap before
{Heap before GC invocations=57 (full 0):
 garbage-first heap   total 132096K, used 87668K [0x00000000a1800000, 0x0000000100000000)
  region size 1024K, 22 young (22528K), 5 survivors (5120K)
 Metaspace       used 73522K, committed 74624K, reserved 491520K
  class space    used 10537K, committed 11072K, reserved 425984K
}
Event: 237.614 GC heap after
{Heap after GC invocations=58 (full 0):
 garbage-first heap   total 132096K, used 72000K [0x00000000a1800000, 0x0000000100000000)
  region size 1024K, 2 young (2048K), 2 survivors (2048K)
 Metaspace       used 73522K, committed 74624K, reserved 491520K
  class space    used 10537K, committed 11072K, reserved 425984K
}
Event: 237.923 GC heap before
{Heap before GC invocations=58 (full 0):
 garbage-first heap   total 132096K, used 76096K [0x00000000a1800000, 0x0000000100000000)
  region size 1024K, 6 young (6144K), 2 survivors (2048K)
 Metaspace       used 73857K, committed 74944K, reserved 491520K
  class space    used 10556K, committed 11072K, reserved 425984K
}
Event: 237.944 GC heap after
{Heap after GC invocations=59 (full 0):
 garbage-first heap   total 132096K, used 71209K [0x00000000a1800000, 0x0000000100000000)
  region size 1024K, 1 young (1024K), 1 survivors (1024K)
 Metaspace       used 73857K, committed 74944K, reserved 491520K
  class space    used 10556K, committed 11072K, reserved 425984K
}
Event: 415.359 GC heap before
{Heap before GC invocations=59 (full 0):
 garbage-first heap   total 132096K, used 108073K [0x00000000a1800000, 0x0000000100000000)
  region size 1024K, 38 young (38912K), 1 survivors (1024K)
 Metaspace       used 76772K, committed 77888K, reserved 557056K
  class space    used 10929K, committed 11456K, reserved 425984K
}
Event: 415.640 GC heap after
{Heap after GC invocations=60 (full 0):
 garbage-first heap   total 132096K, used 74601K [0x00000000a1800000, 0x0000000100000000)
  region size 1024K, 5 young (5120K), 5 survivors (5120K)
 Metaspace       used 76772K, committed 77888K, reserved 557056K
  class space    used 10929K, committed 11456K, reserved 425984K
}
Event: 423.238 GC heap before
{Heap before GC invocations=61 (full 0):
 garbage-first heap   total 140288K, used 99177K [0x00000000a1800000, 0x0000000100000000)
  region size 1024K, 30 young (30720K), 5 survivors (5120K)
 Metaspace       used 77081K, committed 78208K, reserved 557056K
  class space    used 10941K, committed 11456K, reserved 425984K
}
Event: 423.298 GC heap after
{Heap after GC invocations=62 (full 0):
 garbage-first heap   total 140288K, used 77241K [0x00000000a1800000, 0x0000000100000000)
  region size 1024K, 3 young (3072K), 3 survivors (3072K)
 Metaspace       used 77081K, committed 78208K, reserved 557056K
  class space    used 10941K, committed 11456K, reserved 425984K
}
Event: 424.025 GC heap before
{Heap before GC invocations=62 (full 0):
 garbage-first heap   total 140288K, used 79289K [0x00000000a1800000, 0x0000000100000000)
  region size 1024K, 6 young (6144K), 3 survivors (3072K)
 Metaspace       used 77087K, committed 78208K, reserved 557056K
  class space    used 10941K, committed 11456K, reserved 425984K
}
Event: 424.068 GC heap after
{Heap after GC invocations=63 (full 0):
 garbage-first heap   total 140288K, used 76813K [0x00000000a1800000, 0x0000000100000000)
  region size 1024K, 1 young (1024K), 1 survivors (1024K)
 Metaspace       used 77087K, committed 78208K, reserved 557056K
  class space    used 10941K, committed 11456K, reserved 425984K
}
Event: 428.641 GC heap before
{Heap before GC invocations=63 (full 0):
 garbage-first heap   total 140288K, used 111629K [0x00000000a1800000, 0x0000000100000000)
  region size 1024K, 36 young (36864K), 1 survivors (1024K)
 Metaspace       used 77150K, committed 78272K, reserved 557056K
  class space    used 10942K, committed 11456K, reserved 425984K
}
Event: 428.653 GC heap after
{Heap after GC invocations=64 (full 0):
 garbage-first heap   total 140288K, used 78142K [0x00000000a1800000, 0x0000000100000000)
  region size 1024K, 2 young (2048K), 2 survivors (2048K)
 Metaspace       used 77150K, committed 78272K, reserved 557056K
  class space    used 10942K, committed 11456K, reserved 425984K
}
Event: 432.872 GC heap before
{Heap before GC invocations=65 (full 0):
 garbage-first heap   total 140288K, used 113982K [0x00000000a1800000, 0x0000000100000000)
  region size 1024K, 38 young (38912K), 2 survivors (2048K)
 Metaspace       used 77158K, committed 78272K, reserved 557056K
  class space    used 10943K, committed 11456K, reserved 425984K
}
Event: 432.886 GC heap after
{Heap after GC invocations=66 (full 0):
 garbage-first heap   total 140288K, used 79845K [0x00000000a1800000, 0x0000000100000000)
  region size 1024K, 4 young (4096K), 4 survivors (4096K)
 Metaspace       used 77158K, committed 78272K, reserved 557056K
  class space    used 10943K, committed 11456K, reserved 425984K
}
Event: 433.032 GC heap before
{Heap before GC invocations=66 (full 0):
 garbage-first heap   total 140288K, used 80869K [0x00000000a1800000, 0x0000000100000000)
  region size 1024K, 6 young (6144K), 4 survivors (4096K)
 Metaspace       used 77158K, committed 78272K, reserved 557056K
  class space    used 10943K, committed 11456K, reserved 425984K
}
Event: 433.075 GC heap after
{Heap after GC invocations=67 (full 0):
 garbage-first heap   total 140288K, used 79544K [0x00000000a1800000, 0x0000000100000000)
  region size 1024K, 1 young (1024K), 1 survivors (1024K)
 Metaspace       used 77158K, committed 78272K, reserved 557056K
  class space    used 10943K, committed 11456K, reserved 425984K
}
Event: 435.007 GC heap before
{Heap before GC invocations=67 (full 0):
 garbage-first heap   total 140288K, used 114360K [0x00000000a1800000, 0x0000000100000000)
  region size 1024K, 36 young (36864K), 1 survivors (1024K)
 Metaspace       used 77211K, committed 78336K, reserved 557056K
  class space    used 10951K, committed 11520K, reserved 425984K
}

