# JRE version: OpenJDK Runtime Environment Microsoft-13106358 (17.0.18+8) (build 17.0.18+8-LTS)
# Java VM: OpenJDK 64-Bit Server VM Microsoft-13106358 (17.0.18+8-LTS, mixed mode, sharing, tiered, compressed oops, compressed class ptrs, g1 gc, windows-amd64)
GC Precious Log:
 CPUs: 4 total, 4 available
 Memory: 3971M
 Large Page Support: Disabled
 NUMA Support: Disabled
 Compressed Oops: Enabled (32-bit)
 Heap Region Size: 1M
 Heap Min Capacity: 8M
 Heap Initial Capacity: 64M
 Heap Max Capacity: 1512M
 Pre-touch: Disabled
 Parallel Workers: 4
 Concurrent Workers: 1
 Concurrent Refinement Workers: 4
 Periodic GC: Disabled
Heap:
 garbage-first heap   total 108544K, used 78437K [0x00000000a1800000, 0x0000000100000000)
  region size 1024K, 2 young (2048K), 2 survivors (2048K)
 Metaspace       used 75510K, committed 76480K, reserved 557056K
  class space    used 10728K, committed 11200K, reserved 425984K
GC Heap History (20 events):
Event: 155.253 GC heap after
{Heap after GC invocations=67 (full 0):
 garbage-first heap   total 89088K, used 65925K [0x00000000a1800000, 0x0000000100000000)
  region size 1024K, 2 young (2048K), 2 survivors (2048K)
 Metaspace       used 69773K, committed 70784K, reserved 491520K
  class space    used 10021K, committed 10496K, reserved 425984K
}
Event: 157.837 GC heap before
{Heap before GC invocations=67 (full 0):
 garbage-first heap   total 89088K, used 75141K [0x00000000a1800000, 0x0000000100000000)
  region size 1024K, 11 young (11264K), 2 survivors (2048K)
 Metaspace       used 70479K, committed 71424K, reserved 491520K
  class space    used 10153K, committed 10624K, reserved 425984K
}
Event: 157.857 GC heap after
{Heap after GC invocations=68 (full 0):
 garbage-first heap   total 89088K, used 66322K [0x00000000a1800000, 0x0000000100000000)
  region size 1024K, 1 young (1024K), 1 survivors (1024K)
 Metaspace       used 70479K, committed 71424K, reserved 491520K
  class space    used 10153K, committed 10624K, reserved 425984K
}
Event: 158.599 GC heap before
{Heap before GC invocations=68 (full 0):
 garbage-first heap   total 89088K, used 74514K [0x00000000a1800000, 0x0000000100000000)
  region size 1024K, 10 young (10240K), 1 survivors (1024K)
 Metaspace       used 71282K, committed 72192K, reserved 491520K
  class space    used 10238K, committed 10688K, reserved 425984K
}
Event: 158.608 GC heap after
{Heap after GC invocations=69 (full 0):
 garbage-first heap   total 89088K, used 67766K [0x00000000a1800000, 0x0000000100000000)
  region size 1024K, 2 young (2048K), 2 survivors (2048K)
 Metaspace       used 71282K, committed 72192K, reserved 491520K
  class space    used 10238K, committed 10688K, reserved 425984K
}
Event: 159.823 GC heap before
{Heap before GC invocations=69 (full 0):
 garbage-first heap   total 89088K, used 73910K [0x00000000a1800000, 0x0000000100000000)
  region size 1024K, 9 young (9216K), 2 survivors (2048K)
 Metaspace       used 72112K, committed 73088K, reserved 491520K
  class space    used 10337K, committed 10816K, reserved 425984K
}
Event: 159.849 GC heap after
{Heap after GC invocations=70 (full 0):
 garbage-first heap   total 108544K, used 68384K [0x00000000a1800000, 0x0000000100000000)
  region size 1024K, 1 young (1024K), 1 survivors (1024K)
 Metaspace       used 72112K, committed 73088K, reserved 491520K
  class space    used 10337K, committed 10816K, reserved 425984K
}
Event: 165.358 GC heap before
{Heap before GC invocations=70 (full 0):
 garbage-first heap   total 108544K, used 87840K [0x00000000a1800000, 0x0000000100000000)
  region size 1024K, 21 young (21504K), 1 survivors (1024K)
 Metaspace       used 74532K, committed 75520K, reserved 491520K
  class space    used 10654K, committed 11136K, reserved 425984K
}
Event: 165.371 GC heap after
{Heap after GC invocations=71 (full 0):
 garbage-first heap   total 108544K, used 70213K [0x00000000a1800000, 0x0000000100000000)
  region size 1024K, 3 young (3072K), 3 survivors (3072K)
 Metaspace       used 74532K, committed 75520K, reserved 491520K
  class space    used 10654K, committed 11136K, reserved 425984K
}
Event: 257.808 GC heap before
{Heap before GC invocations=71 (full 0):
 garbage-first heap   total 108544K, used 89669K [0x00000000a1800000, 0x0000000100000000)
  region size 1024K, 22 young (22528K), 3 survivors (3072K)
 Metaspace       used 75174K, committed 76224K, reserved 557056K
  class space    used 10718K, committed 11200K, reserved 425984K
}
Event: 257.941 GC heap after
{Heap after GC invocations=72 (full 0):
 garbage-first heap   total 108544K, used 72471K [0x00000000a1800000, 0x0000000100000000)
  region size 1024K, 3 young (3072K), 3 survivors (3072K)
 Metaspace       used 75174K, committed 76224K, reserved 557056K
  class space    used 10718K, committed 11200K, reserved 425984K
}
Event: 259.663 GC heap before
{Heap before GC invocations=72 (full 0):
 garbage-first heap   total 108544K, used 89879K [0x00000000a1800000, 0x0000000100000000)
  region size 1024K, 20 young (20480K), 3 survivors (3072K)
 Metaspace       used 75393K, committed 76416K, reserved 557056K
  class space    used 10726K, committed 11200K, reserved 425984K
}
Event: 259.699 GC heap after
{Heap after GC invocations=73 (full 0):
 garbage-first heap   total 108544K, used 74936K [0x00000000a1800000, 0x0000000100000000)
  region size 1024K, 3 young (3072K), 3 survivors (3072K)
 Metaspace       used 75393K, committed 76416K, reserved 557056K
  class space    used 10726K, committed 11200K, reserved 425984K
}
Event: 261.065 GC heap before
{Heap before GC invocations=73 (full 0):
 garbage-first heap   total 108544K, used 89272K [0x00000000a1800000, 0x0000000100000000)
  region size 1024K, 18 young (18432K), 3 survivors (3072K)
 Metaspace       used 75469K, committed 76480K, reserved 557056K
  class space    used 10728K, committed 11200K, reserved 425984K
}
Event: 261.092 GC heap after
{Heap after GC invocations=74 (full 0):
 garbage-first heap   total 108544K, used 75855K [0x00000000a1800000, 0x0000000100000000)
  region size 1024K, 1 young (1024K), 1 survivors (1024K)
 Metaspace       used 75469K, committed 76480K, reserved 557056K
  class space    used 10728K, committed 11200K, reserved 425984K
}
Event: 262.679 GC heap before
{Heap before GC invocations=74 (full 0):
 garbage-first heap   total 108544K, used 90191K [0x00000000a1800000, 0x0000000100000000)
  region size 1024K, 16 young (16384K), 1 survivors (1024K)
 Metaspace       used 75502K, committed 76480K, reserved 557056K
  class space    used 10728K, committed 11200K, reserved 425984K
}
Event: 262.688 GC heap after
{Heap after GC invocations=75 (full 0):
 garbage-first heap   total 108544K, used 76675K [0x00000000a1800000, 0x0000000100000000)
  region size 1024K, 2 young (2048K), 2 survivors (2048K)
 Metaspace       used 75502K, committed 76480K, reserved 557056K
  class space    used 10728K, committed 11200K, reserved 425984K
}
Event: 263.619 GC heap before
{Heap before GC invocations=75 (full 0):
 garbage-first heap   total 108544K, used 91011K [0x00000000a1800000, 0x0000000100000000)
  region size 1024K, 17 young (17408K), 2 survivors (2048K)
 Metaspace       used 75508K, committed 76480K, reserved 557056K
  class space    used 10728K, committed 11200K, reserved 425984K
}
Event: 263.630 GC heap after
{Heap after GC invocations=76 (full 0):
 garbage-first heap   total 108544K, used 77461K [0x00000000a1800000, 0x0000000100000000)
  region size 1024K, 2 young (2048K), 2 survivors (2048K)
 Metaspace       used 75508K, committed 76480K, reserved 557056K
  class space    used 10728K, committed 11200K, reserved 425984K
}
Event: 264.617 GC heap before
{Heap before GC invocations=76 (full 0):
 garbage-first heap   total 108544K, used 91797K [0x00000000a1800000, 0x0000000100000000)
  region size 1024K, 17 young (17408K), 2 survivors (2048K)
 Metaspace       used 75510K, committed 76480K, reserved 557056K
  class space    used 10728K, committed 11200K, reserved 425984K
}

