# JRE version: OpenJDK Runtime Environment Temurin-21.0.11+10 (21.0.11+10) (build 21.0.11+10-LTS)
# Java VM: OpenJDK 64-Bit Server VM Temurin-21.0.11+10 (21.0.11+10-LTS, mixed mode, sharing, tiered, compressed oops, compressed class ptrs, serial gc, windows-amd64)
GC Precious Log:
 CardTable entry size: 512
 CPUs: 4 total, 4 available
 Memory: 3971M
 Large Page Support: Disabled
 NUMA Support: Disabled
 Compressed Oops: Enabled (32-bit)
 Heap Min Capacity: 8M
 Heap Initial Capacity: 64M
 Heap Max Capacity: 1G
 Pre-touch: Disabled
Heap:
 def new generation   total 54720K, used 50119K [0x00000000c0000000, 0x00000000c3b60000, 0x00000000d5550000)
  eden space 48640K,  96% used [0x00000000c0000000, 0x00000000c2de0c00, 0x00000000c2f80000)
  from space 6080K,  51% used [0x00000000c3570000, 0x00000000c3881370, 0x00000000c3b60000)
  to   space 6080K,   0% used [0x00000000c2f80000, 0x00000000c2f80000, 0x00000000c3570000)
 tenured generation   total 121100K, used 91822K [0x00000000d5550000, 0x00000000dcb93000, 0x0000000100000000)
   the space 121100K,  75% used [0x00000000d5550000, 0x00000000daefbb90, 0x00000000daefbc00, 0x00000000dcb93000)
 Metaspace       used 102968K, committed 105280K, reserved 458752K
  class space    used 14730K, committed 15872K, reserved 327680K
GC Heap History (20 events):
Event: 92.421 GC heap before
{Heap before GC invocations=45 (full 3):
 def new generation   total 34368K, used 34368K [0x00000000c0000000, 0x00000000c2540000, 0x00000000d5550000)
  eden space 30592K, 100% used [0x00000000c0000000, 0x00000000c1de0000, 0x00000000c1de0000)
  from space 3776K, 100% used [0x00000000c2190000, 0x00000000c2540000, 0x00000000c2540000)
  to   space 3776K,   0% used [0x00000000c1de0000, 0x00000000c1de0000, 0x00000000c2190000)
 tenured generation   total 75892K, used 70947K [0x00000000d5550000, 0x00000000d9f6d000, 0x0000000100000000)
   the space 75892K,  93% used [0x00000000d5550000, 0x00000000d9a98e38, 0x00000000d9a99000, 0x00000000d9f6d000)
 Metaspace       used 73324K, committed 75392K, reserved 393216K
  class space    used 10731K, committed 11776K, reserved 327680K
}
Event: 92.437 GC heap after
{Heap after GC invocations=46 (full 3):
 def new generation   total 34368K, used 3776K [0x00000000c0000000, 0x00000000c2540000, 0x00000000d5550000)
  eden space 30592K,   0% used [0x00000000c0000000, 0x00000000c0000000, 0x00000000c1de0000)
  from space 3776K, 100% used [0x00000000c1de0000, 0x00000000c2190000, 0x00000000c2190000)
  to   space 3776K,   0% used [0x00000000c2190000, 0x00000000c2190000, 0x00000000c2540000)
 tenured generation   total 75892K, used 74743K [0x00000000d5550000, 0x00000000d9f6d000, 0x0000000100000000)
   the space 75892K,  98% used [0x00000000d5550000, 0x00000000d9e4df90, 0x00000000d9e4e000, 0x00000000d9f6d000)
 Metaspace       used 73324K, committed 75392K, reserved 393216K
  class space    used 10731K, committed 11776K, reserved 327680K
}
Event: 93.153 GC heap before
{Heap before GC invocations=46 (full 3):
 def new generation   total 34368K, used 34368K [0x00000000c0000000, 0x00000000c2540000, 0x00000000d5550000)
  eden space 30592K, 100% used [0x00000000c0000000, 0x00000000c1de0000, 0x00000000c1de0000)
  from space 3776K, 100% used [0x00000000c1de0000, 0x00000000c2190000, 0x00000000c2190000)
  to   space 3776K,   0% used [0x00000000c2190000, 0x00000000c2190000, 0x00000000c2540000)
 tenured generation   total 75892K, used 74743K [0x00000000d5550000, 0x00000000d9f6d000, 0x0000000100000000)
   the space 75892K,  98% used [0x00000000d5550000, 0x00000000d9e4df90, 0x00000000d9e4e000, 0x00000000d9f6d000)
 Metaspace       used 76126K, committed 78272K, reserved 458752K
  class space    used 11034K, committed 12096K, reserved 327680K
}
Event: 93.166 GC heap after
{Heap after GC invocations=47 (full 3):
 def new generation   total 34368K, used 1068K [0x00000000c0000000, 0x00000000c2540000, 0x00000000d5550000)
  eden space 30592K,   0% used [0x00000000c0000000, 0x00000000c0000000, 0x00000000c1de0000)
  from space 3776K,  28% used [0x00000000c2190000, 0x00000000c229b0d0, 0x00000000c2540000)
  to   space 3776K,   0% used [0x00000000c1de0000, 0x00000000c1de0000, 0x00000000c2190000)
 tenured generation   total 78580K, used 78417K [0x00000000d5550000, 0x00000000da20d000, 0x0000000100000000)
   the space 78580K,  99% used [0x00000000d5550000, 0x00000000da1e4408, 0x00000000da1e4600, 0x00000000da20d000)
 Metaspace       used 76126K, committed 78272K, reserved 458752K
  class space    used 11034K, committed 12096K, reserved 327680K
}
Event: 93.166 GC heap before
{Heap before GC invocations=47 (full 3):
 def new generation   total 34368K, used 1068K [0x00000000c0000000, 0x00000000c2540000, 0x00000000d5550000)
  eden space 30592K,   0% used [0x00000000c0000000, 0x00000000c0000000, 0x00000000c1de0000)
  from space 3776K,  28% used [0x00000000c2190000, 0x00000000c229b0d0, 0x00000000c2540000)
  to   space 3776K,   0% used [0x00000000c1de0000, 0x00000000c1de0000, 0x00000000c2190000)
 tenured generation   total 78580K, used 78417K [0x00000000d5550000, 0x00000000da20d000, 0x0000000100000000)
   the space 78580K,  99% used [0x00000000d5550000, 0x00000000da1e4408, 0x00000000da1e4600, 0x00000000da20d000)
 Metaspace       used 76126K, committed 78272K, reserved 458752K
  class space    used 11034K, committed 12096K, reserved 327680K
}
Event: 93.472 GC heap after
{Heap after GC invocations=47 (full 4):
 def new generation   total 54720K, used 0K [0x00000000c0000000, 0x00000000c3b60000, 0x00000000d5550000)
  eden space 48640K,   0% used [0x00000000c0000000, 0x00000000c0000000, 0x00000000c2f80000)
  from space 6080K,   0% used [0x00000000c2f80000, 0x00000000c2f80000, 0x00000000c3570000)
  to   space 6080K,   0% used [0x00000000c3570000, 0x00000000c3570000, 0x00000000c3b60000)
 tenured generation   total 121100K, used 72659K [0x00000000d5550000, 0x00000000dcb93000, 0x0000000100000000)
   the space 121100K,  59% used [0x00000000d5550000, 0x00000000d9c44e88, 0x00000000d9c45000, 0x00000000dcb93000)
 Metaspace       used 76126K, committed 78272K, reserved 458752K
  class space    used 11034K, committed 12096K, reserved 327680K
}
Event: 95.106 GC heap before
{Heap before GC invocations=47 (full 4):
 def new generation   total 54720K, used 48640K [0x00000000c0000000, 0x00000000c3b60000, 0x00000000d5550000)
  eden space 48640K, 100% used [0x00000000c0000000, 0x00000000c2f80000, 0x00000000c2f80000)
  from space 6080K,   0% used [0x00000000c2f80000, 0x00000000c2f80000, 0x00000000c3570000)
  to   space 6080K,   0% used [0x00000000c3570000, 0x00000000c3570000, 0x00000000c3b60000)
 tenured generation   total 121100K, used 72659K [0x00000000d5550000, 0x00000000dcb93000, 0x0000000100000000)
   the space 121100K,  59% used [0x00000000d5550000, 0x00000000d9c44e88, 0x00000000d9c45000, 0x00000000dcb93000)
 Metaspace       used 80517K, committed 82624K, reserved 458752K
  class space    used 11511K, committed 12544K, reserved 327680K
}
Event: 95.137 GC heap after
{Heap after GC invocations=48 (full 4):
 def new generation   total 54720K, used 6080K [0x00000000c0000000, 0x00000000c3b60000, 0x00000000d5550000)
  eden space 48640K,   0% used [0x00000000c0000000, 0x00000000c0000000, 0x00000000c2f80000)
  from space 6080K, 100% used [0x00000000c3570000, 0x00000000c3b60000, 0x00000000c3b60000)
  to   space 6080K,   0% used [0x00000000c2f80000, 0x00000000c2f80000, 0x00000000c3570000)
 tenured generation   total 121100K, used 74282K [0x00000000d5550000, 0x00000000dcb93000, 0x0000000100000000)
   the space 121100K,  61% used [0x00000000d5550000, 0x00000000d9ddaaa8, 0x00000000d9ddac00, 0x00000000dcb93000)
 Metaspace       used 80517K, committed 82624K, reserved 458752K
  class space    used 11511K, committed 12544K, reserved 327680K
}
Event: 97.210 GC heap before
{Heap before GC invocations=48 (full 4):
 def new generation   total 54720K, used 54720K [0x00000000c0000000, 0x00000000c3b60000, 0x00000000d5550000)
  eden space 48640K, 100% used [0x00000000c0000000, 0x00000000c2f80000, 0x00000000c2f80000)
  from space 6080K, 100% used [0x00000000c3570000, 0x00000000c3b60000, 0x00000000c3b60000)
  to   space 6080K,   0% used [0x00000000c2f80000, 0x00000000c2f80000, 0x00000000c3570000)
 tenured generation   total 121100K, used 74282K [0x00000000d5550000, 0x00000000dcb93000, 0x0000000100000000)
   the space 121100K,  61% used [0x00000000d5550000, 0x00000000d9ddaaa8, 0x00000000d9ddac00, 0x00000000dcb93000)
 Metaspace       used 83661K, committed 85760K, reserved 458752K
  class space    used 11930K, committed 12992K, reserved 327680K
}
Event: 97.236 GC heap after
{Heap after GC invocations=49 (full 4):
 def new generation   total 54720K, used 3608K [0x00000000c0000000, 0x00000000c3b60000, 0x00000000d5550000)
  eden space 48640K,   0% used [0x00000000c0000000, 0x00000000c0000000, 0x00000000c2f80000)
  from space 6080K,  59% used [0x00000000c2f80000, 0x00000000c3306350, 0x00000000c3570000)
  to   space 6080K,   0% used [0x00000000c3570000, 0x00000000c3570000, 0x00000000c3b60000)
 tenured generation   total 121100K, used 77743K [0x00000000d5550000, 0x00000000dcb93000, 0x0000000100000000)
   the space 121100K,  64% used [0x00000000d5550000, 0x00000000da13bcf0, 0x00000000da13be00, 0x00000000dcb93000)
 Metaspace       used 83661K, committed 85760K, reserved 458752K
  class space    used 11930K, committed 12992K, reserved 327680K
}
Event: 103.176 GC heap before
{Heap before GC invocations=49 (full 4):
 def new generation   total 54720K, used 52248K [0x00000000c0000000, 0x00000000c3b60000, 0x00000000d5550000)
  eden space 48640K, 100% used [0x00000000c0000000, 0x00000000c2f80000, 0x00000000c2f80000)
  from space 6080K,  59% used [0x00000000c2f80000, 0x00000000c3306350, 0x00000000c3570000)
  to   space 6080K,   0% used [0x00000000c3570000, 0x00000000c3570000, 0x00000000c3b60000)
 tenured generation   total 121100K, used 77743K [0x00000000d5550000, 0x00000000dcb93000, 0x0000000100000000)
   the space 121100K,  64% used [0x00000000d5550000, 0x00000000da13bcf0, 0x00000000da13be00, 0x00000000dcb93000)
 Metaspace       used 86548K, committed 88704K, reserved 458752K
  class space    used 12343K, committed 13376K, reserved 327680K
}
Event: 103.204 GC heap after
{Heap after GC invocations=50 (full 4):
 def new generation   total 54720K, used 5496K [0x00000000c0000000, 0x00000000c3b60000, 0x00000000d5550000)
  eden space 48640K,   0% used [0x00000000c0000000, 0x00000000c0000000, 0x00000000c2f80000)
  from space 6080K,  90% used [0x00000000c3570000, 0x00000000c3ace200, 0x00000000c3b60000)
  to   space 6080K,   0% used [0x00000000c2f80000, 0x00000000c2f80000, 0x00000000c3570000)
 tenured generation   total 121100K, used 81262K [0x00000000d5550000, 0x00000000dcb93000, 0x0000000100000000)
   the space 121100K,  67% used [0x00000000d5550000, 0x00000000da4abab0, 0x00000000da4abc00, 0x00000000dcb93000)
 Metaspace       used 86548K, committed 88704K, reserved 458752K
  class space    used 12343K, committed 13376K, reserved 327680K
}
Event: 104.909 GC heap before
{Heap before GC invocations=50 (full 4):
 def new generation   total 54720K, used 54136K [0x00000000c0000000, 0x00000000c3b60000, 0x00000000d5550000)
  eden space 48640K, 100% used [0x00000000c0000000, 0x00000000c2f80000, 0x00000000c2f80000)
  from space 6080K,  90% used [0x00000000c3570000, 0x00000000c3ace200, 0x00000000c3b60000)
  to   space 6080K,   0% used [0x00000000c2f80000, 0x00000000c2f80000, 0x00000000c3570000)
 tenured generation   total 121100K, used 81262K [0x00000000d5550000, 0x00000000dcb93000, 0x0000000100000000)
   the space 121100K,  67% used [0x00000000d5550000, 0x00000000da4abab0, 0x00000000da4abc00, 0x00000000dcb93000)
 Metaspace       used 89954K, committed 92160K, reserved 458752K
  class space    used 12803K, committed 13888K, reserved 327680K
}
Event: 104.943 GC heap after
{Heap after GC invocations=51 (full 4):
 def new generation   total 54720K, used 2673K [0x00000000c0000000, 0x00000000c3b60000, 0x00000000d5550000)
  eden space 48640K,   0% used [0x00000000c0000000, 0x00000000c0000000, 0x00000000c2f80000)
  from space 6080K,  43% used [0x00000000c2f80000, 0x00000000c321c748, 0x00000000c3570000)
  to   space 6080K,   0% used [0x00000000c3570000, 0x00000000c3570000, 0x00000000c3b60000)
 tenured generation   total 121100K, used 86747K [0x00000000d5550000, 0x00000000dcb93000, 0x0000000100000000)
   the space 121100K,  71% used [0x00000000d5550000, 0x00000000daa06c68, 0x00000000daa06e00, 0x00000000dcb93000)
 Metaspace       used 89954K, committed 92160K, reserved 458752K
  class space    used 12803K, committed 13888K, reserved 327680K
}
Event: 108.284 GC heap before
{Heap before GC invocations=51 (full 4):
 def new generation   total 54720K, used 51313K [0x00000000c0000000, 0x00000000c3b60000, 0x00000000d5550000)
  eden space 48640K, 100% used [0x00000000c0000000, 0x00000000c2f80000, 0x00000000c2f80000)
  from space 6080K,  43% used [0x00000000c2f80000, 0x00000000c321c748, 0x00000000c3570000)
  to   space 6080K,   0% used [0x00000000c3570000, 0x00000000c3570000, 0x00000000c3b60000)
 tenured generation   total 121100K, used 86747K [0x00000000d5550000, 0x00000000dcb93000, 0x0000000100000000)
   the space 121100K,  71% used [0x00000000d5550000, 0x00000000daa06c68, 0x00000000daa06e00, 0x00000000dcb93000)
 Metaspace       used 92709K, committed 94976K, reserved 458752K
  class space    used 13154K, committed 14272K, reserved 327680K
}
Event: 108.304 GC heap after
{Heap after GC invocations=52 (full 4):
 def new generation   total 54720K, used 5108K [0x00000000c0000000, 0x00000000c3b60000, 0x00000000d5550000)
  eden space 48640K,   0% used [0x00000000c0000000, 0x00000000c0000000, 0x00000000c2f80000)
  from space 6080K,  84% used [0x00000000c3570000, 0x00000000c3a6d298, 0x00000000c3b60000)
  to   space 6080K,   0% used [0x00000000c2f80000, 0x00000000c2f80000, 0x00000000c3570000)
 tenured generation   total 121100K, used 86747K [0x00000000d5550000, 0x00000000dcb93000, 0x0000000100000000)
   the space 121100K,  71% used [0x00000000d5550000, 0x00000000daa06c68, 0x00000000daa06e00, 0x00000000dcb93000)
 Metaspace       used 92709K, committed 94976K, reserved 458752K
  class space    used 13154K, committed 14272K, reserved 327680K
}
Event: 109.358 GC heap before
{Heap before GC invocations=52 (full 4):
 def new generation   total 54720K, used 53748K [0x00000000c0000000, 0x00000000c3b60000, 0x00000000d5550000)
  eden space 48640K, 100% used [0x00000000c0000000, 0x00000000c2f80000, 0x00000000c2f80000)
  from space 6080K,  84% used [0x00000000c3570000, 0x00000000c3a6d298, 0x00000000c3b60000)
  to   space 6080K,   0% used [0x00000000c2f80000, 0x00000000c2f80000, 0x00000000c3570000)
 tenured generation   total 121100K, used 86747K [0x00000000d5550000, 0x00000000dcb93000, 0x0000000100000000)
   the space 121100K,  71% used [0x00000000d5550000, 0x00000000daa06c68, 0x00000000daa06e00, 0x00000000dcb93000)
 Metaspace       used 96540K, committed 98816K, reserved 458752K
  class space    used 13803K, committed 14912K, reserved 327680K
}
Event: 109.386 GC heap after
{Heap after GC invocations=53 (full 4):
 def new generation   total 54720K, used 3797K [0x00000000c0000000, 0x00000000c3b60000, 0x00000000d5550000)
  eden space 48640K,   0% used [0x00000000c0000000, 0x00000000c0000000, 0x00000000c2f80000)
  from space 6080K,  62% used [0x00000000c2f80000, 0x00000000c3335538, 0x00000000c3570000)
  to   space 6080K,   0% used [0x00000000c3570000, 0x00000000c3570000, 0x00000000c3b60000)
 tenured generation   total 121100K, used 89404K [0x00000000d5550000, 0x00000000dcb93000, 0x0000000100000000)
   the space 121100K,  73% used [0x00000000d5550000, 0x00000000dac9f208, 0x00000000dac9f400, 0x00000000dcb93000)
 Metaspace       used 96540K, committed 98816K, reserved 458752K
  class space    used 13803K, committed 14912K, reserved 327680K
}
Event: 110.636 GC heap before
{Heap before GC invocations=53 (full 4):
 def new generation   total 54720K, used 52437K [0x00000000c0000000, 0x00000000c3b60000, 0x00000000d5550000)
  eden space 48640K, 100% used [0x00000000c0000000, 0x00000000c2f80000, 0x00000000c2f80000)
  from space 6080K,  62% used [0x00000000c2f80000, 0x00000000c3335538, 0x00000000c3570000)
  to   space 6080K,   0% used [0x00000000c3570000, 0x00000000c3570000, 0x00000000c3b60000)
 tenured generation   total 121100K, used 89404K [0x00000000d5550000, 0x00000000dcb93000, 0x0000000100000000)
   the space 121100K,  73% used [0x00000000d5550000, 0x00000000dac9f208, 0x00000000dac9f400, 0x00000000dcb93000)
 Metaspace       used 100343K, committed 102592K, reserved 458752K
  class space    used 14378K, committed 15488K, reserved 327680K
}
Event: 110.660 GC heap after
{Heap after GC invocations=54 (full 4):
 def new generation   total 54720K, used 3140K [0x00000000c0000000, 0x00000000c3b60000, 0x00000000d5550000)
  eden space 48640K,   0% used [0x00000000c0000000, 0x00000000c0000000, 0x00000000c2f80000)
  from space 6080K,  51% used [0x00000000c3570000, 0x00000000c3881370, 0x00000000c3b60000)
  to   space 6080K,   0% used [0x00000000c2f80000, 0x00000000c2f80000, 0x00000000c3570000)
 tenured generation   total 121100K, used 91822K [0x00000000d5550000, 0x00000000dcb93000, 0x0000000100000000)
   the space 121100K,  75% used [0x00000000d5550000, 0x00000000daefbb90, 0x00000000daefbc00, 0x00000000dcb93000)
 Metaspace       used 100343K, committed 102592K, reserved 458752K
  class space    used 14378K, committed 15488K, reserved 327680K
}

